<?xml version="1.0" encoding="UTF-8"?>
<!-- Generated by org.testng.reporters.JUnitReportReporter -->
<testsuite hostname="DESKTOP-G2NS8GB" failures="0" tests="1" name="com.api.tests.LoginResetPassword" time="2.396" errors="0" timestamp="2025-09-25T01:16:08 IST" skipped="0">
  <testcase classname="com.api.tests.LoginResetPassword" name="ReSetPasswordTest" time="2.396"/>
</testsuite> <!-- com.api.tests.LoginResetPassword -->
