<?xml version="1.0" encoding="UTF-8"?>
<!-- Generated by org.testng.reporters.JUnitReportReporter -->
<testsuite hostname="DESKTOP-G2NS8GB" failures="0" tests="1" name="com.api.tests.LoginAPITest" time="1.818" errors="0" timestamp="2025-09-24T20:50:08 IST" skipped="0">
  <testcase classname="com.api.tests.LoginAPITest" name="loginTest" time="1.818"/>
</testsuite> <!-- com.api.tests.LoginAPITest -->
