<?xml version="1.0" encoding="UTF-8"?>
<!-- Generated by org.testng.reporters.JUnitReportReporter -->
<testsuite hostname="DESKTOP-G2NS8GB" failures="0" tests="1" name="com.api.tests.Login" time="2.342" errors="0" timestamp="2025-09-24T23:52:22 IST" skipped="0">
  <testcase classname="com.api.tests.Login" name="loginTest" time="2.342"/>
</testsuite> <!-- com.api.tests.Login -->
